<?xml version="1.0" encoding="UTF-8"?>
<testsuite xmlns:xsi="http://www.w3.org/2001/XMLSchema-instance" xsi:noNamespaceSchemaLocation="https://maven.apache.org/surefire/maven-surefire-plugin/xsd/surefire-test-report-3.0.xsd" version="3.0" name="com.zeyad.maidproject.MaidsprojectApplicationTests" time="9.717" tests="1" errors="0" skipped="0" failures="0">
  <properties>
[...]
</properties>
  <testcase name="contextLoads" classname="com.zeyad.maidproject.MaidsprojectApplicationTests" time="1.075">
    <system-out><![CDATA[23:13:01.865 [main] INFO org.springframework.test.context.support.AnnotationConfigContextLoaderUtils -- Could not detect default configuration classes for test class [com.zeyad.maidproject.MaidsprojectApplicationTests]: MaidsprojectApplicationTests does not declare any static, non-private, non-final, nested classes annotated with @Configuration.
23:13:02.032 [main] INFO org.springframework.boot.test.context.SpringBootTestContextBootstrapper -- Found @SpringBootConfiguration com.zeyad.maidproject.MaidsProjectApplication for test class com.zeyad.maidproject.MaidsprojectApplicationTests
23:13:02.335 [main] INFO org.springframework.boot.devtools.restart.RestartApplicationListener -- Restart disabled due to context in which it is running

  .   ____          _            __ _ _
 /\\ / ___'_ __ _ _(_)_ __  __ _ \ \ \ \
( ( )\___ | '_ | '_| | '_ \/ _` | \ \ \ \
 \\/  ___)| |_)| | | | | || (_| |  ) ) ) )
  '  |____| .__|_| |_|_| |_\__, | / / / /
 =========|_|==============|___/=/_/_/_/

 :: Spring Boot ::                (v3.3.2)

2024-08-07T23:13:02.858+03:00  INFO 8708 --- [           main] c.z.m.MaidsprojectApplicationTests       : Starting MaidsprojectApplicationTests using Java 17.0.11 with PID 8708 (started by zaabdelhamed in D:\maids\maidproject)
2024-08-07T23:13:02.859+03:00  INFO 8708 --- [           main] c.z.m.MaidsprojectApplicationTests       : No active profile set, falling back to 1 default profile: "default"
2024-08-07T23:13:04.383+03:00  INFO 8708 --- [           main] .s.d.r.c.RepositoryConfigurationDelegate : Multiple Spring Data modules found, entering strict repository configuration mode
2024-08-07T23:13:04.385+03:00  INFO 8708 --- [           main] .s.d.r.c.RepositoryConfigurationDelegate : Bootstrapping Spring Data JDBC repositories in DEFAULT mode.
2024-08-07T23:13:04.511+03:00  INFO 8708 --- [           main] .RepositoryConfigurationExtensionSupport : Spring Data JDBC - Could not safely identify store assignment for repository candidate interface com.zeyad.maidproject.DAO.BookRepository; If you want this repository to be a JDBC repository, consider annotating your entities with one of these annotations: org.springframework.data.relational.core.mapping.Table.
2024-08-07T23:13:04.516+03:00  INFO 8708 --- [           main] .RepositoryConfigurationExtensionSupport : Spring Data JDBC - Could not safely identify store assignment for repository candidate interface com.zeyad.maidproject.DAO.BorrowingRecordRepository; If you want this repository to be a JDBC repository, consider annotating your entities with one of these annotations: org.springframework.data.relational.core.mapping.Table.
2024-08-07T23:13:04.521+03:00  INFO 8708 --- [           main] .RepositoryConfigurationExtensionSupport : Spring Data JDBC - Could not safely identify store assignment for repository candidate interface com.zeyad.maidproject.DAO.PatronRepository; If you want this repository to be a JDBC repository, consider annotating your entities with one of these annotations: org.springframework.data.relational.core.mapping.Table.
2024-08-07T23:13:04.524+03:00  INFO 8708 --- [           main] .s.d.r.c.RepositoryConfigurationDelegate : Finished Spring Data repository scanning in 106 ms. Found 0 JDBC repository interfaces.
2024-08-07T23:13:04.541+03:00  INFO 8708 --- [           main] .s.d.r.c.RepositoryConfigurationDelegate : Multiple Spring Data modules found, entering strict repository configuration mode
2024-08-07T23:13:04.542+03:00  INFO 8708 --- [           main] .s.d.r.c.RepositoryConfigurationDelegate : Bootstrapping Spring Data JPA repositories in DEFAULT mode.
2024-08-07T23:13:04.631+03:00  INFO 8708 --- [           main] .s.d.r.c.RepositoryConfigurationDelegate : Finished Spring Data repository scanning in 81 ms. Found 3 JPA repository interfaces.
2024-08-07T23:13:05.776+03:00  INFO 8708 --- [           main] o.hibernate.jpa.internal.util.LogHelper  : HHH000204: Processing PersistenceUnitInfo [name: default]
2024-08-07T23:13:05.963+03:00  INFO 8708 --- [           main] org.hibernate.Version                    : HHH000412: Hibernate ORM core version 6.5.2.Final
2024-08-07T23:13:06.082+03:00  INFO 8708 --- [           main] o.h.c.internal.RegionFactoryInitiator    : HHH000026: Second-level cache disabled
2024-08-07T23:13:06.781+03:00  INFO 8708 --- [           main] o.s.o.j.p.SpringPersistenceUnitInfo      : No LoadTimeWeaver setup: ignoring JPA class transformer
2024-08-07T23:13:06.839+03:00  INFO 8708 --- [           main] com.zaxxer.hikari.HikariDataSource       : HikariPool-1 - Starting...
2024-08-07T23:13:07.104+03:00  INFO 8708 --- [           main] com.zaxxer.hikari.pool.HikariPool        : HikariPool-1 - Added connection conn0: url=jdbc:h2:mem:testdb user=SA
2024-08-07T23:13:07.108+03:00  INFO 8708 --- [           main] com.zaxxer.hikari.HikariDataSource       : HikariPool-1 - Start completed.
2024-08-07T23:13:07.162+03:00  WARN 8708 --- [           main] org.hibernate.orm.deprecation            : HHH90000025: H2Dialect does not need to be specified explicitly using 'hibernate.dialect' (remove the property setting and it will be selected by default)
2024-08-07T23:13:08.186+03:00  INFO 8708 --- [           main] o.h.e.t.j.p.i.JtaPlatformInitiator       : HHH000489: No JTA platform available (set 'hibernate.transaction.jta.platform' to enable JTA platform integration)
Hibernate: create table book (id integer generated by default as identity, author varchar(255), borrowed boolean, isbn varchar(255), publication_year integer, title varchar(255), primary key (id))
Hibernate: create table borrowing_record (id bigint generated by default as identity, borrowing_date date, return_date date, book_id integer, patron_id bigint, primary key (id))
Hibernate: create table patron (id bigint generated by default as identity, contact_information varchar(255), name varchar(255), primary key (id))
Hibernate: alter table if exists borrowing_record add constraint FK79d6bb8ptx41act3qbt5pxuwm foreign key (book_id) references book
Hibernate: alter table if exists borrowing_record add constraint FK6e5fdl33e4cvv2jgacf9bpswj foreign key (patron_id) references patron
2024-08-07T23:13:08.283+03:00  INFO 8708 --- [           main] j.LocalContainerEntityManagerFactoryBean : Initialized JPA EntityManagerFactory for persistence unit 'default'
2024-08-07T23:13:09.131+03:00  WARN 8708 --- [           main] JpaBaseConfiguration$JpaWebConfiguration : spring.jpa.open-in-view is enabled by default. Therefore, database queries may be performed during view rendering. Explicitly configure spring.jpa.open-in-view to disable this warning
2024-08-07T23:13:10.209+03:00  INFO 8708 --- [           main] c.z.m.MaidsprojectApplicationTests       : Started MaidsprojectApplicationTests in 7.887 seconds (process running for 9.674)
]]></system-out>
  </testcase>
</testsuite>